<?xml version="1.0" encoding="UTF-8"?>
<testsuites tests="4" failures="0" disabled="0" errors="0" time="0.499" timestamp="2025-02-16T20:26:07" name="AllTests">
  <testsuite name="SerialTests" tests="4" failures="0" disabled="0" errors="0" time="0.499" timestamp="2025-02-16T20:26:07">
    <testcase name="readWorks" status="run" result="completed" time="0" timestamp="2025-02-16T20:26:07" classname="serial.SerialTests" />
    <testcase name="writeWorks" status="run" result="completed" time="0" timestamp="2025-02-16T20:26:07" classname="serial.SerialTests" />
    <testcase name="timeoutWorks" status="run" result="completed" time="0.25" timestamp="2025-02-16T20:26:07" classname="serial.SerialTests" />
    <testcase name="partialRead" status="run" result="completed" time="0.249" timestamp="2025-02-16T20:26:07" classname="serial.SerialTests" />
  </testsuite>
</testsuites>
